  dictionary.cpp
C:\Program Files (x86)\Microsoft Visual Studio\2019\Community\VC\Tools\MSVC\14.28.29333\include\xtree(1375,13): error C2675: unary '++': '_Iter' does not define this operator or a conversion to a type acceptable to the predefined operator
          with
          [
              _Iter=std::string
          ]
C:\Users\eon74\source\repos\Amol-Soneji\Cyber-Security-Dictionary\dictionary.h(41): message : see reference to function template instantiation 'void std::_Tree<std::_Tmap_traits<_Kty,_Ty,_Pr,_Alloc,false>>::insert<std::string>(_Iter,_Iter)' being compiled
          with
          [
              _Kty=std::string,
              _Ty=std::string,
              _Pr=std::less<std::string>,
              _Alloc=std::allocator<std::pair<const std::string,std::string>>,
              _Iter=std::string
          ]
C:\Users\eon74\source\repos\Amol-Soneji\Cyber-Security-Dictionary\dictionary.h(41): message : see reference to function template instantiation 'void std::_Tree<std::_Tmap_traits<_Kty,_Ty,_Pr,_Alloc,false>>::insert<std::string>(_Iter,_Iter)' being compiled
          with
          [
              _Kty=std::string,
              _Ty=std::string,
              _Pr=std::less<std::string>,
              _Alloc=std::allocator<std::pair<const std::string,std::string>>,
              _Iter=std::string
          ]
C:\Program Files (x86)\Microsoft Visual Studio\2019\Community\VC\Tools\MSVC\14.28.29333\include\xtree(1376,36): error C2100: illegal indirection
  main.cpp
C:\Program Files (x86)\Microsoft Visual Studio\2019\Community\VC\Tools\MSVC\14.28.29333\include\xtree(1375,13): error C2675: unary '++': '_Iter' does not define this operator or a conversion to a type acceptable to the predefined operator
          with
          [
              _Iter=std::string
          ]
C:\Users\eon74\source\repos\Amol-Soneji\Cyber-Security-Dictionary\dictionary.h(41): message : see reference to function template instantiation 'void std::_Tree<std::_Tmap_traits<_Kty,_Ty,_Pr,_Alloc,false>>::insert<std::string>(_Iter,_Iter)' being compiled
          with
          [
              _Kty=std::string,
              _Ty=std::string,
              _Pr=std::less<std::string>,
              _Alloc=std::allocator<std::pair<const std::string,std::string>>,
              _Iter=std::string
          ]
C:\Users\eon74\source\repos\Amol-Soneji\Cyber-Security-Dictionary\dictionary.h(41): message : see reference to function template instantiation 'void std::_Tree<std::_Tmap_traits<_Kty,_Ty,_Pr,_Alloc,false>>::insert<std::string>(_Iter,_Iter)' being compiled
          with
          [
              _Kty=std::string,
              _Ty=std::string,
              _Pr=std::less<std::string>,
              _Alloc=std::allocator<std::pair<const std::string,std::string>>,
              _Iter=std::string
          ]
C:\Program Files (x86)\Microsoft Visual Studio\2019\Community\VC\Tools\MSVC\14.28.29333\include\xtree(1376,36): error C2100: illegal indirection
  Generating Code...
